
┅┅┅┅┅┅┅┅┅┅┅┅┅┅┅┅┅┅┅┅┅┅┅┅┅┅┅┅┅┅┅┅┅┅┅┅┅┅┅┅┅┅┅┅
     Sub-Store -- v2.20.30
┅┅┅┅┅┅┅┅┅┅┅┅┅┅┅┅┅┅┅┅┅┅┅┅┅┅┅┅┅┅┅┅┅┅┅┅┅┅┅┅┅┅┅┅

[sub-store] INFO: Start migrating...
[sub-store] INFO: Migration complete!
[sub-store] INFO: [BACKEND] body JSON limit: 30mb
[sub-store] INFO: [BACKEND] listening on :::8299
[sub-store] INFO: 正在创建订阅： sub
TypeError: Cannot convert undefined or null to object
    at KK (D:\Download\.subs-check_Windows_x86_64\nodes\sub-store.bundle.js:1363:2979)
    at x0.handle_request (D:\Download\.subs-check_Windows_x86_64\nodes\sub-store.bundle.js:157:4090)
    at l (D:\Download\.subs-check_Windows_x86_64\nodes\sub-store.bundle.js:157:6180)
    at F0.dispatch (D:\Download\.subs-check_Windows_x86_64\nodes\sub-store.bundle.js:157:5979)
    at x0.handle_request (D:\Download\.subs-check_Windows_x86_64\nodes\sub-store.bundle.js:157:4090)
    at D:\Download\.subs-check_Windows_x86_64\nodes\sub-store.bundle.js:157:8883
    at I (D:\Download\.subs-check_Windows_x86_64\nodes\sub-store.bundle.js:157:9507)
    at I (D:\Download\.subs-check_Windows_x86_64\nodes\sub-store.bundle.js:157:9586)
    at ph.process_params (D:\Download\.subs-check_Windows_x86_64\nodes\sub-store.bundle.js:157:9850)
    at k (D:\Download\.subs-check_Windows_x86_64\nodes\sub-store.bundle.js:157:8831)
[sub-store] INFO: 正在创建文件：mihomo
[sub-store] INFO: 正在更新订阅： sub
[sub-store] INFO: 正在下载文件：mihomo
请求 User-Agent: Go-http-client/1.1
[sub-store] INFO: Downloading...
User-Agent: clash.meta
Timeout: 8000
Proxy: undefined
Insecure: false
Preprocess: undefined
URL: http://127.0.0.1:8199/sub/ACL4SSR_Online_Full.yaml
[sub-store] INFO: statusCode: 200
[sub-store] INFO: Pre-processor [Clash Pre-processor] activated
[sub-store] INFO: Clash Parser is activated
[sub-store] INFO: 正在下载订阅：sub
请求 User-Agent: Go-http-client/1.1
请求 target: V2Ray
实际输出: V2Ray
[sub-store] ERROR: 获取版本号失败: TypeError: Cannot read properties of undefined (reading 'indexOf')
[sub-store] INFO: Pre-processor [Clash Pre-processor] activated
[sub-store] INFO: Clash Parser is activated
